{"/Users/zackatama/projects/Ireporter-Frontend-React/src/components/Apps/App.js": {"path":"/Users/zackatama/projects/Ireporter-Frontend-React/src/components/Apps/App.js","statementMap":{"0":{"start":{"line":12,"column":4},"end":{"line":19,"column":6}}},"fnMap":{"0":{"name":"(anonymous_0)","decl":{"start":{"line":11,"column":2},"end":{"line":11,"column":3}},"loc":{"start":{"line":11,"column":11},"end":{"line":20,"column":3}},"line":11}},"branchMap":{},"s":{"0":1},"f":{"0":1},"b":{},"_coverageSchema":"43e27e138ebf9cfc5966b082cf9a028302ed4184","hash":"094a7f0387961f4efe84d56737b4d5ef61314162"}
,"/Users/zackatama/projects/Ireporter-Frontend-React/src/components/Incident/index.js": {"path":"/Users/zackatama/projects/Ireporter-Frontend-React/src/components/Incident/index.js","statementMap":{"0":{"start":{"line":17,"column":4},"end":{"line":17,"column":17}},"1":{"start":{"line":18,"column":4},"end":{"line":21,"column":6}},"2":{"start":{"line":24,"column":17},"end":{"line":26,"column":3}},"3":{"start":{"line":25,"column":4},"end":{"line":25,"column":55}},"4":{"start":{"line":28,"column":17},"end":{"line":38,"column":3}},"5":{"start":{"line":29,"column":4},"end":{"line":29,"column":23}},"6":{"start":{"line":30,"column":31},"end":{"line":30,"column":41}},"7":{"start":{"line":31,"column":25},"end":{"line":34,"column":5}},"8":{"start":{"line":36,"column":30},"end":{"line":36,"column":40}},"9":{"start":{"line":37,"column":4},"end":{"line":37,"column":32}},"10":{"start":{"line":41,"column":31},"end":{"line":41,"column":41}},"11":{"start":{"line":42,"column":4},"end":{"line":80,"column":6}},"12":{"start":{"line":86,"column":0},"end":{"line":88,"column":2}},"13":{"start":{"line":90,"column":31},"end":{"line":90,"column":76}},"14":{"start":{"line":90,"column":67},"end":{"line":90,"column":75}},"15":{"start":{"line":92,"column":34},"end":{"line":94,"column":2}},"16":{"start":{"line":92,"column":47},"end":{"line":94,"column":1}},"17":{"start":{"line":93,"column":32},"end":{"line":93,"column":68}}},"fnMap":{"0":{"name":"(anonymous_0)","decl":{"start":{"line":16,"column":2},"end":{"line":16,"column":3}},"loc":{"start":{"line":16,"column":21},"end":{"line":22,"column":3}},"line":16},"1":{"name":"(anonymous_1)","decl":{"start":{"line":24,"column":17},"end":{"line":24,"column":18}},"loc":{"start":{"line":24,"column":24},"end":{"line":26,"column":3}},"line":24},"2":{"name":"(anonymous_2)","decl":{"start":{"line":28,"column":17},"end":{"line":28,"column":18}},"loc":{"start":{"line":28,"column":24},"end":{"line":38,"column":3}},"line":28},"3":{"name":"(anonymous_3)","decl":{"start":{"line":40,"column":2},"end":{"line":40,"column":3}},"loc":{"start":{"line":40,"column":11},"end":{"line":81,"column":3}},"line":40},"4":{"name":"(anonymous_4)","decl":{"start":{"line":90,"column":31},"end":{"line":90,"column":32}},"loc":{"start":{"line":90,"column":67},"end":{"line":90,"column":75}},"line":90},"5":{"name":"(anonymous_5)","decl":{"start":{"line":92,"column":34},"end":{"line":92,"column":35}},"loc":{"start":{"line":92,"column":47},"end":{"line":94,"column":1}},"line":92},"6":{"name":"(anonymous_6)","decl":{"start":{"line":93,"column":2},"end":{"line":93,"column":3}},"loc":{"start":{"line":93,"column":30},"end":{"line":93,"column":70}},"line":93}},"branchMap":{},"s":{"0":0,"1":0,"2":0,"3":0,"4":0,"5":0,"6":0,"7":0,"8":0,"9":0,"10":0,"11":0,"12":1,"13":1,"14":0,"15":1,"16":0,"17":0},"f":{"0":0,"1":0,"2":0,"3":0,"4":0,"5":0,"6":0},"b":{},"_coverageSchema":"43e27e138ebf9cfc5966b082cf9a028302ed4184","hash":"87b56f863b1ed1336871734f4c6e908a00bff96c"}
,"/Users/zackatama/projects/Ireporter-Frontend-React/src/components/Incidents/index.js": {"path":"/Users/zackatama/projects/Ireporter-Frontend-React/src/components/Incidents/index.js","statementMap":{"0":{"start":{"line":20,"column":31},"end":{"line":20,"column":41}},"1":{"start":{"line":21,"column":4},"end":{"line":21,"column":21}},"2":{"start":{"line":25,"column":25},"end":{"line":25,"column":35}},"3":{"start":{"line":26,"column":25},"end":{"line":32,"column":8}},"4":{"start":{"line":27,"column":6},"end":{"line":31,"column":12}},"5":{"start":{"line":33,"column":4},"end":{"line":42,"column":6}},"6":{"start":{"line":48,"column":0},"end":{"line":61,"column":1}},"7":{"start":{"line":64,"column":0},"end":{"line":66,"column":2}},"8":{"start":{"line":68,"column":31},"end":{"line":68,"column":61}},"9":{"start":{"line":68,"column":40},"end":{"line":68,"column":61}},"10":{"start":{"line":70,"column":34},"end":{"line":72,"column":12}},"11":{"start":{"line":70,"column":46},"end":{"line":72,"column":12}}},"fnMap":{"0":{"name":"(anonymous_0)","decl":{"start":{"line":19,"column":2},"end":{"line":19,"column":3}},"loc":{"start":{"line":19,"column":22},"end":{"line":22,"column":3}},"line":19},"1":{"name":"(anonymous_1)","decl":{"start":{"line":24,"column":2},"end":{"line":24,"column":3}},"loc":{"start":{"line":24,"column":11},"end":{"line":43,"column":3}},"line":24},"2":{"name":"(anonymous_2)","decl":{"start":{"line":26,"column":38},"end":{"line":26,"column":39}},"loc":{"start":{"line":27,"column":6},"end":{"line":31,"column":12}},"line":27},"3":{"name":"(anonymous_3)","decl":{"start":{"line":68,"column":31},"end":{"line":68,"column":32}},"loc":{"start":{"line":68,"column":40},"end":{"line":68,"column":61}},"line":68},"4":{"name":"(anonymous_4)","decl":{"start":{"line":70,"column":34},"end":{"line":70,"column":35}},"loc":{"start":{"line":70,"column":46},"end":{"line":72,"column":12}},"line":70}},"branchMap":{},"s":{"0":2,"1":2,"2":2,"3":2,"4":0,"5":2,"6":2,"7":2,"8":2,"9":1,"10":2,"11":0},"f":{"0":2,"1":2,"2":0,"3":1,"4":0},"b":{},"_coverageSchema":"43e27e138ebf9cfc5966b082cf9a028302ed4184","hash":"58eae55472ee346d4f678e6b0a58ea35943e8bce"}
,"/Users/zackatama/projects/Ireporter-Frontend-React/src/components/Login/index.js": {"path":"/Users/zackatama/projects/Ireporter-Frontend-React/src/components/Login/index.js","statementMap":{"0":{"start":{"line":17,"column":4},"end":{"line":17,"column":17}},"1":{"start":{"line":18,"column":4},"end":{"line":21,"column":6}},"2":{"start":{"line":24,"column":17},"end":{"line":26,"column":3}},"3":{"start":{"line":25,"column":4},"end":{"line":25,"column":55}},"4":{"start":{"line":28,"column":17},"end":{"line":38,"column":3}},"5":{"start":{"line":29,"column":4},"end":{"line":29,"column":23}},"6":{"start":{"line":30,"column":32},"end":{"line":30,"column":42}},"7":{"start":{"line":31,"column":26},"end":{"line":34,"column":5}},"8":{"start":{"line":36,"column":26},"end":{"line":36,"column":36}},"9":{"start":{"line":37,"column":4},"end":{"line":37,"column":29}},"10":{"start":{"line":41,"column":32},"end":{"line":41,"column":42}},"11":{"start":{"line":42,"column":4},"end":{"line":81,"column":6}},"12":{"start":{"line":87,"column":0},"end":{"line":89,"column":2}},"13":{"start":{"line":91,"column":31},"end":{"line":91,"column":65}},"14":{"start":{"line":91,"column":60},"end":{"line":91,"column":64}},"15":{"start":{"line":93,"column":34},"end":{"line":95,"column":2}},"16":{"start":{"line":93,"column":47},"end":{"line":95,"column":1}},"17":{"start":{"line":94,"column":29},"end":{"line":94,"column":60}}},"fnMap":{"0":{"name":"(anonymous_0)","decl":{"start":{"line":16,"column":2},"end":{"line":16,"column":3}},"loc":{"start":{"line":16,"column":21},"end":{"line":22,"column":3}},"line":16},"1":{"name":"(anonymous_1)","decl":{"start":{"line":24,"column":17},"end":{"line":24,"column":18}},"loc":{"start":{"line":24,"column":24},"end":{"line":26,"column":3}},"line":24},"2":{"name":"(anonymous_2)","decl":{"start":{"line":28,"column":17},"end":{"line":28,"column":18}},"loc":{"start":{"line":28,"column":24},"end":{"line":38,"column":3}},"line":28},"3":{"name":"(anonymous_3)","decl":{"start":{"line":40,"column":2},"end":{"line":40,"column":3}},"loc":{"start":{"line":40,"column":11},"end":{"line":82,"column":3}},"line":40},"4":{"name":"(anonymous_4)","decl":{"start":{"line":91,"column":31},"end":{"line":91,"column":32}},"loc":{"start":{"line":91,"column":60},"end":{"line":91,"column":64}},"line":91},"5":{"name":"(anonymous_5)","decl":{"start":{"line":93,"column":34},"end":{"line":93,"column":35}},"loc":{"start":{"line":93,"column":47},"end":{"line":95,"column":1}},"line":93},"6":{"name":"(anonymous_6)","decl":{"start":{"line":94,"column":2},"end":{"line":94,"column":3}},"loc":{"start":{"line":94,"column":27},"end":{"line":94,"column":62}},"line":94}},"branchMap":{},"s":{"0":4,"1":4,"2":4,"3":1,"4":4,"5":1,"6":1,"7":1,"8":1,"9":1,"10":5,"11":5,"12":2,"13":2,"14":1,"15":2,"16":0,"17":0},"f":{"0":4,"1":1,"2":1,"3":5,"4":1,"5":0,"6":0},"b":{},"_coverageSchema":"43e27e138ebf9cfc5966b082cf9a028302ed4184","hash":"9b3a7d0ecb0b78b9f347eb3003ad56d5e3a689b7"}
,"/Users/zackatama/projects/Ireporter-Frontend-React/src/components/NavBar/index.js": {"path":"/Users/zackatama/projects/Ireporter-Frontend-React/src/components/NavBar/index.js","statementMap":{"0":{"start":{"line":12,"column":4},"end":{"line":26,"column":6}}},"fnMap":{"0":{"name":"(anonymous_0)","decl":{"start":{"line":11,"column":2},"end":{"line":11,"column":3}},"loc":{"start":{"line":11,"column":11},"end":{"line":27,"column":3}},"line":11}},"branchMap":{},"s":{"0":1},"f":{"0":1},"b":{},"_coverageSchema":"43e27e138ebf9cfc5966b082cf9a028302ed4184","hash":"943a48a0baf246ffb6a1f38d962afa21b4e736fe"}
,"/Users/zackatama/projects/Ireporter-Frontend-React/src/components/SignUp/index.js": {"path":"/Users/zackatama/projects/Ireporter-Frontend-React/src/components/SignUp/index.js","statementMap":{"0":{"start":{"line":20,"column":4},"end":{"line":20,"column":17}},"1":{"start":{"line":21,"column":4},"end":{"line":30,"column":6}},"2":{"start":{"line":33,"column":17},"end":{"line":35,"column":3}},"3":{"start":{"line":34,"column":4},"end":{"line":34,"column":55}},"4":{"start":{"line":37,"column":17},"end":{"line":53,"column":3}},"5":{"start":{"line":38,"column":4},"end":{"line":38,"column":23}},"6":{"start":{"line":39,"column":97},"end":{"line":39,"column":107}},"7":{"start":{"line":40,"column":21},"end":{"line":49,"column":5}},"8":{"start":{"line":51,"column":23},"end":{"line":51,"column":33}},"9":{"start":{"line":52,"column":4},"end":{"line":52,"column":21}},"10":{"start":{"line":56,"column":97},"end":{"line":56,"column":107}},"11":{"start":{"line":57,"column":4},"end":{"line":141,"column":6}},"12":{"start":{"line":146,"column":0},"end":{"line":148,"column":2}},"13":{"start":{"line":150,"column":31},"end":{"line":150,"column":66}},"14":{"start":{"line":150,"column":61},"end":{"line":150,"column":65}},"15":{"start":{"line":152,"column":34},"end":{"line":154,"column":2}},"16":{"start":{"line":152,"column":47},"end":{"line":154,"column":1}},"17":{"start":{"line":153,"column":21},"end":{"line":153,"column":49}}},"fnMap":{"0":{"name":"(anonymous_0)","decl":{"start":{"line":19,"column":2},"end":{"line":19,"column":3}},"loc":{"start":{"line":19,"column":21},"end":{"line":31,"column":3}},"line":19},"1":{"name":"(anonymous_1)","decl":{"start":{"line":33,"column":17},"end":{"line":33,"column":18}},"loc":{"start":{"line":33,"column":24},"end":{"line":35,"column":3}},"line":33},"2":{"name":"(anonymous_2)","decl":{"start":{"line":37,"column":17},"end":{"line":37,"column":18}},"loc":{"start":{"line":37,"column":24},"end":{"line":53,"column":3}},"line":37},"3":{"name":"(anonymous_3)","decl":{"start":{"line":55,"column":2},"end":{"line":55,"column":3}},"loc":{"start":{"line":55,"column":11},"end":{"line":142,"column":3}},"line":55},"4":{"name":"(anonymous_4)","decl":{"start":{"line":150,"column":31},"end":{"line":150,"column":32}},"loc":{"start":{"line":150,"column":61},"end":{"line":150,"column":65}},"line":150},"5":{"name":"(anonymous_5)","decl":{"start":{"line":152,"column":34},"end":{"line":152,"column":35}},"loc":{"start":{"line":152,"column":47},"end":{"line":154,"column":1}},"line":152},"6":{"name":"(anonymous_6)","decl":{"start":{"line":153,"column":2},"end":{"line":153,"column":3}},"loc":{"start":{"line":153,"column":19},"end":{"line":153,"column":51}},"line":153}},"branchMap":{},"s":{"0":5,"1":5,"2":5,"3":1,"4":5,"5":1,"6":1,"7":1,"8":1,"9":1,"10":6,"11":6,"12":2,"13":2,"14":1,"15":2,"16":0,"17":0},"f":{"0":5,"1":1,"2":1,"3":6,"4":1,"5":0,"6":0},"b":{},"_coverageSchema":"43e27e138ebf9cfc5966b082cf9a028302ed4184","hash":"a9a15aff9ae4222d604815cd4b17b88eebf9bc90"}
,"/Users/zackatama/projects/Ireporter-Frontend-React/src/store/actions/types.js": {"path":"/Users/zackatama/projects/Ireporter-Frontend-React/src/store/actions/types.js","statementMap":{"0":{"start":{"line":1,"column":25},"end":{"line":1,"column":36}},"1":{"start":{"line":2,"column":21},"end":{"line":2,"column":28}},"2":{"start":{"line":3,"column":27},"end":{"line":3,"column":40}},"3":{"start":{"line":4,"column":28},"end":{"line":4,"column":42}}},"fnMap":{},"branchMap":{},"s":{"0":6,"1":6,"2":6,"3":6},"f":{},"b":{},"_coverageSchema":"43e27e138ebf9cfc5966b082cf9a028302ed4184","hash":"7ce11d0674429d008f4d9da2ff4d8c3ed3b70fd2"}
,"/Users/zackatama/projects/Ireporter-Frontend-React/src/store/actions/incidentActions/index.js": {"path":"/Users/zackatama/projects/Ireporter-Frontend-React/src/store/actions/incidentActions/index.js","statementMap":{"0":{"start":{"line":12,"column":30},"end":{"line":12,"column":73}},"1":{"start":{"line":12,"column":42},"end":{"line":12,"column":72}},"2":{"start":{"line":13,"column":27},"end":{"line":13,"column":73}},"3":{"start":{"line":13,"column":40},"end":{"line":13,"column":72}},"4":{"start":{"line":15,"column":27},"end":{"line":24,"column":1}},"5":{"start":{"line":15,"column":38},"end":{"line":24,"column":1}},"6":{"start":{"line":16,"column":14},"end":{"line":16,"column":51}},"7":{"start":{"line":17,"column":2},"end":{"line":23,"column":7}},"8":{"start":{"line":19,"column":6},"end":{"line":19,"column":40}},"9":{"start":{"line":20,"column":6},"end":{"line":20,"column":37}},"10":{"start":{"line":22,"column":6},"end":{"line":22,"column":25}},"11":{"start":{"line":30,"column":30},"end":{"line":38,"column":1}},"12":{"start":{"line":30,"column":36},"end":{"line":38,"column":1}},"13":{"start":{"line":31,"column":14},"end":{"line":31,"column":51}},"14":{"start":{"line":32,"column":2},"end":{"line":32,"column":26}},"15":{"start":{"line":33,"column":2},"end":{"line":37,"column":42}},"16":{"start":{"line":35,"column":6},"end":{"line":35,"column":47}},"17":{"start":{"line":37,"column":22},"end":{"line":37,"column":40}}},"fnMap":{"0":{"name":"(anonymous_0)","decl":{"start":{"line":12,"column":30},"end":{"line":12,"column":31}},"loc":{"start":{"line":12,"column":42},"end":{"line":12,"column":72}},"line":12},"1":{"name":"(anonymous_1)","decl":{"start":{"line":13,"column":27},"end":{"line":13,"column":28}},"loc":{"start":{"line":13,"column":40},"end":{"line":13,"column":72}},"line":13},"2":{"name":"(anonymous_2)","decl":{"start":{"line":15,"column":27},"end":{"line":15,"column":28}},"loc":{"start":{"line":15,"column":38},"end":{"line":24,"column":1}},"line":15},"3":{"name":"(anonymous_3)","decl":{"start":{"line":15,"column":38},"end":{"line":15,"column":39}},"loc":{"start":{"line":15,"column":52},"end":{"line":24,"column":1}},"line":15},"4":{"name":"(anonymous_4)","decl":{"start":{"line":18,"column":10},"end":{"line":18,"column":11}},"loc":{"start":{"line":18,"column":24},"end":{"line":21,"column":5}},"line":18},"5":{"name":"(anonymous_5)","decl":{"start":{"line":21,"column":13},"end":{"line":21,"column":14}},"loc":{"start":{"line":21,"column":24},"end":{"line":23,"column":5}},"line":21},"6":{"name":"(anonymous_6)","decl":{"start":{"line":30,"column":30},"end":{"line":30,"column":31}},"loc":{"start":{"line":30,"column":36},"end":{"line":38,"column":1}},"line":30},"7":{"name":"(anonymous_7)","decl":{"start":{"line":30,"column":36},"end":{"line":30,"column":37}},"loc":{"start":{"line":30,"column":50},"end":{"line":38,"column":1}},"line":30},"8":{"name":"(anonymous_8)","decl":{"start":{"line":34,"column":10},"end":{"line":34,"column":11}},"loc":{"start":{"line":34,"column":24},"end":{"line":37,"column":5}},"line":34},"9":{"name":"(anonymous_9)","decl":{"start":{"line":37,"column":13},"end":{"line":37,"column":14}},"loc":{"start":{"line":37,"column":22},"end":{"line":37,"column":40}},"line":37}},"branchMap":{},"s":{"0":2,"1":0,"2":2,"3":0,"4":2,"5":0,"6":0,"7":0,"8":0,"9":0,"10":0,"11":2,"12":0,"13":0,"14":0,"15":0,"16":0,"17":0},"f":{"0":0,"1":0,"2":0,"3":0,"4":0,"5":0,"6":0,"7":0,"8":0,"9":0},"b":{},"_coverageSchema":"43e27e138ebf9cfc5966b082cf9a028302ed4184","hash":"446b526f5f96086a55be8bef12b048f23c5e7c1e"}
,"/Users/zackatama/projects/Ireporter-Frontend-React/src/store/actions/loginAction/index.js": {"path":"/Users/zackatama/projects/Ireporter-Frontend-React/src/store/actions/loginAction/index.js","statementMap":{"0":{"start":{"line":11,"column":25},"end":{"line":11,"column":64}},"1":{"start":{"line":11,"column":38},"end":{"line":11,"column":63}},"2":{"start":{"line":14,"column":21},"end":{"line":24,"column":1}},"3":{"start":{"line":14,"column":33},"end":{"line":24,"column":1}},"4":{"start":{"line":15,"column":14},"end":{"line":15,"column":42}},"5":{"start":{"line":16,"column":2},"end":{"line":23,"column":7}},"6":{"start":{"line":18,"column":6},"end":{"line":18,"column":36}},"7":{"start":{"line":19,"column":6},"end":{"line":19,"column":74}},"8":{"start":{"line":20,"column":6},"end":{"line":20,"column":39}},"9":{"start":{"line":22,"column":6},"end":{"line":22,"column":25}}},"fnMap":{"0":{"name":"(anonymous_0)","decl":{"start":{"line":11,"column":25},"end":{"line":11,"column":26}},"loc":{"start":{"line":11,"column":38},"end":{"line":11,"column":63}},"line":11},"1":{"name":"(anonymous_1)","decl":{"start":{"line":14,"column":21},"end":{"line":14,"column":22}},"loc":{"start":{"line":14,"column":33},"end":{"line":24,"column":1}},"line":14},"2":{"name":"(anonymous_2)","decl":{"start":{"line":14,"column":33},"end":{"line":14,"column":34}},"loc":{"start":{"line":14,"column":47},"end":{"line":24,"column":1}},"line":14},"3":{"name":"(anonymous_3)","decl":{"start":{"line":17,"column":10},"end":{"line":17,"column":11}},"loc":{"start":{"line":17,"column":24},"end":{"line":21,"column":5}},"line":17},"4":{"name":"(anonymous_4)","decl":{"start":{"line":21,"column":13},"end":{"line":21,"column":14}},"loc":{"start":{"line":21,"column":24},"end":{"line":23,"column":5}},"line":21}},"branchMap":{},"s":{"0":3,"1":1,"2":3,"3":1,"4":1,"5":1,"6":1,"7":1,"8":1,"9":0},"f":{"0":1,"1":1,"2":1,"3":1,"4":0},"b":{},"_coverageSchema":"43e27e138ebf9cfc5966b082cf9a028302ed4184","hash":"e437933cbedeb8801982b8af6c72deb02aad8605"}
,"/Users/zackatama/projects/Ireporter-Frontend-React/src/store/actions/signupAction/index.js": {"path":"/Users/zackatama/projects/Ireporter-Frontend-React/src/store/actions/signupAction/index.js","statementMap":{"0":{"start":{"line":11,"column":22},"end":{"line":11,"column":65}},"1":{"start":{"line":11,"column":35},"end":{"line":11,"column":64}},"2":{"start":{"line":14,"column":23},"end":{"line":23,"column":1}},"3":{"start":{"line":14,"column":35},"end":{"line":23,"column":1}},"4":{"start":{"line":15,"column":14},"end":{"line":15,"column":44}},"5":{"start":{"line":16,"column":2},"end":{"line":22,"column":7}},"6":{"start":{"line":18,"column":6},"end":{"line":18,"column":33}},"7":{"start":{"line":19,"column":6},"end":{"line":19,"column":38}},"8":{"start":{"line":21,"column":6},"end":{"line":21,"column":25}}},"fnMap":{"0":{"name":"(anonymous_0)","decl":{"start":{"line":11,"column":22},"end":{"line":11,"column":23}},"loc":{"start":{"line":11,"column":35},"end":{"line":11,"column":64}},"line":11},"1":{"name":"(anonymous_1)","decl":{"start":{"line":14,"column":23},"end":{"line":14,"column":24}},"loc":{"start":{"line":14,"column":35},"end":{"line":23,"column":1}},"line":14},"2":{"name":"(anonymous_2)","decl":{"start":{"line":14,"column":35},"end":{"line":14,"column":36}},"loc":{"start":{"line":14,"column":49},"end":{"line":23,"column":1}},"line":14},"3":{"name":"(anonymous_3)","decl":{"start":{"line":17,"column":10},"end":{"line":17,"column":11}},"loc":{"start":{"line":17,"column":24},"end":{"line":20,"column":5}},"line":17},"4":{"name":"(anonymous_4)","decl":{"start":{"line":20,"column":13},"end":{"line":20,"column":14}},"loc":{"start":{"line":20,"column":24},"end":{"line":22,"column":5}},"line":20}},"branchMap":{},"s":{"0":3,"1":1,"2":3,"3":1,"4":1,"5":1,"6":1,"7":1,"8":0},"f":{"0":1,"1":1,"2":1,"3":1,"4":0},"b":{},"_coverageSchema":"43e27e138ebf9cfc5966b082cf9a028302ed4184","hash":"7ccf3421935df70b8b88d613d826c5c38cb93ea7"}
,"/Users/zackatama/projects/Ireporter-Frontend-React/src/utils/index.js": {"path":"/Users/zackatama/projects/Ireporter-Frontend-React/src/utils/index.js","statementMap":{"0":{"start":{"line":3,"column":23},"end":{"line":3,"column":76}},"1":{"start":{"line":4,"column":32},"end":{"line":4,"column":93}},"2":{"start":{"line":8,"column":31},"end":{"line":14,"column":1}},"3":{"start":{"line":16,"column":35},"end":{"line":21,"column":1}}},"fnMap":{},"branchMap":{},"s":{"0":7,"1":7,"2":7,"3":7},"f":{},"b":{},"_coverageSchema":"43e27e138ebf9cfc5966b082cf9a028302ed4184","hash":"28fadf97fa2edd7640d5470dc077da5562f1059a"}
}
