{"/Users/zackatama/projects/Ireporter-Frontend-React/src/components/Apps/App.js": {"path":"/Users/zackatama/projects/Ireporter-Frontend-React/src/components/Apps/App.js","statementMap":{"0":{"start":{"line":12,"column":4},"end":{"line":19,"column":6}}},"fnMap":{"0":{"name":"(anonymous_0)","decl":{"start":{"line":11,"column":2},"end":{"line":11,"column":3}},"loc":{"start":{"line":11,"column":11},"end":{"line":20,"column":3}},"line":11}},"branchMap":{},"s":{"0":1},"f":{"0":1},"b":{},"_coverageSchema":"43e27e138ebf9cfc5966b082cf9a028302ed4184","hash":"094a7f0387961f4efe84d56737b4d5ef61314162"}
,"/Users/zackatama/projects/Ireporter-Frontend-React/src/components/Incident/index.js": {"path":"/Users/zackatama/projects/Ireporter-Frontend-React/src/components/Incident/index.js","statementMap":{"0":{"start":{"line":17,"column":4},"end":{"line":17,"column":17}},"1":{"start":{"line":18,"column":4},"end":{"line":21,"column":6}},"2":{"start":{"line":24,"column":17},"end":{"line":26,"column":3}},"3":{"start":{"line":25,"column":4},"end":{"line":25,"column":55}},"4":{"start":{"line":28,"column":17},"end":{"line":38,"column":3}},"5":{"start":{"line":29,"column":4},"end":{"line":29,"column":23}},"6":{"start":{"line":30,"column":31},"end":{"line":30,"column":41}},"7":{"start":{"line":31,"column":25},"end":{"line":34,"column":5}},"8":{"start":{"line":36,"column":30},"end":{"line":36,"column":40}},"9":{"start":{"line":37,"column":4},"end":{"line":37,"column":32}},"10":{"start":{"line":41,"column":31},"end":{"line":41,"column":41}},"11":{"start":{"line":42,"column":4},"end":{"line":81,"column":6}},"12":{"start":{"line":87,"column":0},"end":{"line":89,"column":2}},"13":{"start":{"line":91,"column":31},"end":{"line":91,"column":76}},"14":{"start":{"line":91,"column":67},"end":{"line":91,"column":75}},"15":{"start":{"line":93,"column":34},"end":{"line":95,"column":2}},"16":{"start":{"line":93,"column":47},"end":{"line":95,"column":1}},"17":{"start":{"line":94,"column":32},"end":{"line":94,"column":68}}},"fnMap":{"0":{"name":"(anonymous_0)","decl":{"start":{"line":16,"column":2},"end":{"line":16,"column":3}},"loc":{"start":{"line":16,"column":21},"end":{"line":22,"column":3}},"line":16},"1":{"name":"(anonymous_1)","decl":{"start":{"line":24,"column":17},"end":{"line":24,"column":18}},"loc":{"start":{"line":24,"column":24},"end":{"line":26,"column":3}},"line":24},"2":{"name":"(anonymous_2)","decl":{"start":{"line":28,"column":17},"end":{"line":28,"column":18}},"loc":{"start":{"line":28,"column":24},"end":{"line":38,"column":3}},"line":28},"3":{"name":"(anonymous_3)","decl":{"start":{"line":40,"column":2},"end":{"line":40,"column":3}},"loc":{"start":{"line":40,"column":11},"end":{"line":82,"column":3}},"line":40},"4":{"name":"(anonymous_4)","decl":{"start":{"line":91,"column":31},"end":{"line":91,"column":32}},"loc":{"start":{"line":91,"column":67},"end":{"line":91,"column":75}},"line":91},"5":{"name":"(anonymous_5)","decl":{"start":{"line":93,"column":34},"end":{"line":93,"column":35}},"loc":{"start":{"line":93,"column":47},"end":{"line":95,"column":1}},"line":93},"6":{"name":"(anonymous_6)","decl":{"start":{"line":94,"column":2},"end":{"line":94,"column":3}},"loc":{"start":{"line":94,"column":30},"end":{"line":94,"column":70}},"line":94}},"branchMap":{},"s":{"0":0,"1":0,"2":0,"3":0,"4":0,"5":0,"6":0,"7":0,"8":0,"9":0,"10":0,"11":0,"12":1,"13":1,"14":0,"15":1,"16":0,"17":0},"f":{"0":0,"1":0,"2":0,"3":0,"4":0,"5":0,"6":0},"b":{},"_coverageSchema":"43e27e138ebf9cfc5966b082cf9a028302ed4184","hash":"c381f9cb43f1ff5621773946a533a83367db4ce7"}
,"/Users/zackatama/projects/Ireporter-Frontend-React/src/components/Incidents/index.js": {"path":"/Users/zackatama/projects/Ireporter-Frontend-React/src/components/Incidents/index.js","statementMap":{"0":{"start":{"line":20,"column":31},"end":{"line":20,"column":41}},"1":{"start":{"line":21,"column":4},"end":{"line":21,"column":21}},"2":{"start":{"line":25,"column":25},"end":{"line":25,"column":35}},"3":{"start":{"line":26,"column":25},"end":{"line":32,"column":8}},"4":{"start":{"line":27,"column":6},"end":{"line":31,"column":12}},"5":{"start":{"line":33,"column":4},"end":{"line":42,"column":6}},"6":{"start":{"line":48,"column":0},"end":{"line":61,"column":1}},"7":{"start":{"line":64,"column":0},"end":{"line":66,"column":2}},"8":{"start":{"line":68,"column":31},"end":{"line":68,"column":61}},"9":{"start":{"line":68,"column":40},"end":{"line":68,"column":61}},"10":{"start":{"line":70,"column":34},"end":{"line":72,"column":12}},"11":{"start":{"line":70,"column":46},"end":{"line":72,"column":12}}},"fnMap":{"0":{"name":"(anonymous_0)","decl":{"start":{"line":19,"column":2},"end":{"line":19,"column":3}},"loc":{"start":{"line":19,"column":22},"end":{"line":22,"column":3}},"line":19},"1":{"name":"(anonymous_1)","decl":{"start":{"line":24,"column":2},"end":{"line":24,"column":3}},"loc":{"start":{"line":24,"column":11},"end":{"line":43,"column":3}},"line":24},"2":{"name":"(anonymous_2)","decl":{"start":{"line":26,"column":38},"end":{"line":26,"column":39}},"loc":{"start":{"line":27,"column":6},"end":{"line":31,"column":12}},"line":27},"3":{"name":"(anonymous_3)","decl":{"start":{"line":68,"column":31},"end":{"line":68,"column":32}},"loc":{"start":{"line":68,"column":40},"end":{"line":68,"column":61}},"line":68},"4":{"name":"(anonymous_4)","decl":{"start":{"line":70,"column":34},"end":{"line":70,"column":35}},"loc":{"start":{"line":70,"column":46},"end":{"line":72,"column":12}},"line":70}},"branchMap":{},"s":{"0":2,"1":2,"2":2,"3":2,"4":0,"5":2,"6":2,"7":2,"8":2,"9":1,"10":2,"11":0},"f":{"0":2,"1":2,"2":0,"3":1,"4":0},"b":{},"_coverageSchema":"43e27e138ebf9cfc5966b082cf9a028302ed4184","hash":"58eae55472ee346d4f678e6b0a58ea35943e8bce"}
,"/Users/zackatama/projects/Ireporter-Frontend-React/src/components/Login/index.js": {"path":"/Users/zackatama/projects/Ireporter-Frontend-React/src/components/Login/index.js","statementMap":{"0":{"start":{"line":17,"column":4},"end":{"line":17,"column":17}},"1":{"start":{"line":18,"column":4},"end":{"line":21,"column":6}},"2":{"start":{"line":24,"column":17},"end":{"line":26,"column":3}},"3":{"start":{"line":25,"column":4},"end":{"line":25,"column":55}},"4":{"start":{"line":28,"column":17},"end":{"line":38,"column":3}},"5":{"start":{"line":29,"column":4},"end":{"line":29,"column":23}},"6":{"start":{"line":30,"column":32},"end":{"line":30,"column":42}},"7":{"start":{"line":31,"column":26},"end":{"line":34,"column":5}},"8":{"start":{"line":36,"column":26},"end":{"line":36,"column":36}},"9":{"start":{"line":37,"column":4},"end":{"line":37,"column":29}},"10":{"start":{"line":41,"column":32},"end":{"line":41,"column":42}},"11":{"start":{"line":42,"column":4},"end":{"line":82,"column":6}},"12":{"start":{"line":88,"column":0},"end":{"line":90,"column":2}},"13":{"start":{"line":92,"column":31},"end":{"line":92,"column":65}},"14":{"start":{"line":92,"column":60},"end":{"line":92,"column":64}},"15":{"start":{"line":94,"column":34},"end":{"line":96,"column":2}},"16":{"start":{"line":94,"column":47},"end":{"line":96,"column":1}},"17":{"start":{"line":95,"column":29},"end":{"line":95,"column":60}}},"fnMap":{"0":{"name":"(anonymous_0)","decl":{"start":{"line":16,"column":2},"end":{"line":16,"column":3}},"loc":{"start":{"line":16,"column":21},"end":{"line":22,"column":3}},"line":16},"1":{"name":"(anonymous_1)","decl":{"start":{"line":24,"column":17},"end":{"line":24,"column":18}},"loc":{"start":{"line":24,"column":24},"end":{"line":26,"column":3}},"line":24},"2":{"name":"(anonymous_2)","decl":{"start":{"line":28,"column":17},"end":{"line":28,"column":18}},"loc":{"start":{"line":28,"column":24},"end":{"line":38,"column":3}},"line":28},"3":{"name":"(anonymous_3)","decl":{"start":{"line":40,"column":2},"end":{"line":40,"column":3}},"loc":{"start":{"line":40,"column":11},"end":{"line":83,"column":3}},"line":40},"4":{"name":"(anonymous_4)","decl":{"start":{"line":92,"column":31},"end":{"line":92,"column":32}},"loc":{"start":{"line":92,"column":60},"end":{"line":92,"column":64}},"line":92},"5":{"name":"(anonymous_5)","decl":{"start":{"line":94,"column":34},"end":{"line":94,"column":35}},"loc":{"start":{"line":94,"column":47},"end":{"line":96,"column":1}},"line":94},"6":{"name":"(anonymous_6)","decl":{"start":{"line":95,"column":2},"end":{"line":95,"column":3}},"loc":{"start":{"line":95,"column":27},"end":{"line":95,"column":62}},"line":95}},"branchMap":{},"s":{"0":4,"1":4,"2":4,"3":1,"4":4,"5":1,"6":1,"7":1,"8":1,"9":1,"10":5,"11":5,"12":2,"13":2,"14":1,"15":2,"16":0,"17":0},"f":{"0":4,"1":1,"2":1,"3":5,"4":1,"5":0,"6":0},"b":{},"_coverageSchema":"43e27e138ebf9cfc5966b082cf9a028302ed4184","hash":"bc37e13a1332d7d9aa07d01c406edb25544691df"}
,"/Users/zackatama/projects/Ireporter-Frontend-React/src/components/NavBar/index.js": {"path":"/Users/zackatama/projects/Ireporter-Frontend-React/src/components/NavBar/index.js","statementMap":{"0":{"start":{"line":12,"column":4},"end":{"line":26,"column":6}}},"fnMap":{"0":{"name":"(anonymous_0)","decl":{"start":{"line":11,"column":2},"end":{"line":11,"column":3}},"loc":{"start":{"line":11,"column":11},"end":{"line":27,"column":3}},"line":11}},"branchMap":{},"s":{"0":1},"f":{"0":1},"b":{},"_coverageSchema":"43e27e138ebf9cfc5966b082cf9a028302ed4184","hash":"943a48a0baf246ffb6a1f38d962afa21b4e736fe"}
,"/Users/zackatama/projects/Ireporter-Frontend-React/src/components/SignUp/index.js": {"path":"/Users/zackatama/projects/Ireporter-Frontend-React/src/components/SignUp/index.js","statementMap":{"0":{"start":{"line":20,"column":4},"end":{"line":20,"column":17}},"1":{"start":{"line":21,"column":4},"end":{"line":30,"column":6}},"2":{"start":{"line":33,"column":17},"end":{"line":35,"column":3}},"3":{"start":{"line":34,"column":4},"end":{"line":34,"column":55}},"4":{"start":{"line":37,"column":17},"end":{"line":53,"column":3}},"5":{"start":{"line":38,"column":4},"end":{"line":38,"column":23}},"6":{"start":{"line":39,"column":97},"end":{"line":39,"column":107}},"7":{"start":{"line":40,"column":21},"end":{"line":49,"column":5}},"8":{"start":{"line":51,"column":23},"end":{"line":51,"column":33}},"9":{"start":{"line":52,"column":4},"end":{"line":52,"column":21}},"10":{"start":{"line":56,"column":88},"end":{"line":56,"column":98}},"11":{"start":{"line":57,"column":4},"end":{"line":142,"column":6}},"12":{"start":{"line":147,"column":0},"end":{"line":149,"column":2}},"13":{"start":{"line":151,"column":31},"end":{"line":151,"column":66}},"14":{"start":{"line":151,"column":61},"end":{"line":151,"column":65}},"15":{"start":{"line":153,"column":34},"end":{"line":155,"column":2}},"16":{"start":{"line":153,"column":47},"end":{"line":155,"column":1}},"17":{"start":{"line":154,"column":21},"end":{"line":154,"column":49}}},"fnMap":{"0":{"name":"(anonymous_0)","decl":{"start":{"line":19,"column":2},"end":{"line":19,"column":3}},"loc":{"start":{"line":19,"column":21},"end":{"line":31,"column":3}},"line":19},"1":{"name":"(anonymous_1)","decl":{"start":{"line":33,"column":17},"end":{"line":33,"column":18}},"loc":{"start":{"line":33,"column":24},"end":{"line":35,"column":3}},"line":33},"2":{"name":"(anonymous_2)","decl":{"start":{"line":37,"column":17},"end":{"line":37,"column":18}},"loc":{"start":{"line":37,"column":24},"end":{"line":53,"column":3}},"line":37},"3":{"name":"(anonymous_3)","decl":{"start":{"line":55,"column":2},"end":{"line":55,"column":3}},"loc":{"start":{"line":55,"column":11},"end":{"line":143,"column":3}},"line":55},"4":{"name":"(anonymous_4)","decl":{"start":{"line":151,"column":31},"end":{"line":151,"column":32}},"loc":{"start":{"line":151,"column":61},"end":{"line":151,"column":65}},"line":151},"5":{"name":"(anonymous_5)","decl":{"start":{"line":153,"column":34},"end":{"line":153,"column":35}},"loc":{"start":{"line":153,"column":47},"end":{"line":155,"column":1}},"line":153},"6":{"name":"(anonymous_6)","decl":{"start":{"line":154,"column":2},"end":{"line":154,"column":3}},"loc":{"start":{"line":154,"column":19},"end":{"line":154,"column":51}},"line":154}},"branchMap":{},"s":{"0":5,"1":5,"2":5,"3":1,"4":5,"5":1,"6":1,"7":1,"8":1,"9":1,"10":6,"11":6,"12":2,"13":2,"14":1,"15":2,"16":0,"17":0},"f":{"0":5,"1":1,"2":1,"3":6,"4":1,"5":0,"6":0},"b":{},"_coverageSchema":"43e27e138ebf9cfc5966b082cf9a028302ed4184","hash":"2c3a0f5e1f7587a31f17df282e5601ca6372b097"}
,"/Users/zackatama/projects/Ireporter-Frontend-React/src/store/actions/types.js": {"path":"/Users/zackatama/projects/Ireporter-Frontend-React/src/store/actions/types.js","statementMap":{"0":{"start":{"line":1,"column":25},"end":{"line":1,"column":36}},"1":{"start":{"line":2,"column":21},"end":{"line":2,"column":28}},"2":{"start":{"line":3,"column":27},"end":{"line":3,"column":40}},"3":{"start":{"line":4,"column":28},"end":{"line":4,"column":42}}},"fnMap":{},"branchMap":{},"s":{"0":4,"1":4,"2":4,"3":4},"f":{},"b":{},"_coverageSchema":"43e27e138ebf9cfc5966b082cf9a028302ed4184","hash":"7ce11d0674429d008f4d9da2ff4d8c3ed3b70fd2"}
,"/Users/zackatama/projects/Ireporter-Frontend-React/src/store/actions/incidentActions/index.js": {"path":"/Users/zackatama/projects/Ireporter-Frontend-React/src/store/actions/incidentActions/index.js","statementMap":{"0":{"start":{"line":12,"column":30},"end":{"line":12,"column":73}},"1":{"start":{"line":12,"column":42},"end":{"line":12,"column":72}},"2":{"start":{"line":13,"column":27},"end":{"line":13,"column":73}},"3":{"start":{"line":13,"column":40},"end":{"line":13,"column":72}},"4":{"start":{"line":15,"column":27},"end":{"line":33,"column":1}},"5":{"start":{"line":15,"column":38},"end":{"line":33,"column":1}},"6":{"start":{"line":16,"column":14},"end":{"line":16,"column":51}},"7":{"start":{"line":17,"column":2},"end":{"line":32,"column":7}},"8":{"start":{"line":19,"column":6},"end":{"line":19,"column":40}},"9":{"start":{"line":20,"column":14},"end":{"line":20,"column":47}},"10":{"start":{"line":21,"column":6},"end":{"line":21,"column":29}},"11":{"start":{"line":22,"column":6},"end":{"line":22,"column":37}},"12":{"start":{"line":23,"column":6},"end":{"line":23,"column":39}},"13":{"start":{"line":24,"column":6},"end":{"line":24,"column":75}},"14":{"start":{"line":25,"column":6},"end":{"line":25,"column":37}},"15":{"start":{"line":27,"column":14},"end":{"line":27,"column":47}},"16":{"start":{"line":28,"column":6},"end":{"line":28,"column":37}},"17":{"start":{"line":29,"column":6},"end":{"line":29,"column":39}},"18":{"start":{"line":30,"column":6},"end":{"line":30,"column":29}},"19":{"start":{"line":31,"column":6},"end":{"line":31,"column":54}},"20":{"start":{"line":39,"column":30},"end":{"line":46,"column":1}},"21":{"start":{"line":39,"column":36},"end":{"line":46,"column":1}},"22":{"start":{"line":40,"column":14},"end":{"line":40,"column":51}},"23":{"start":{"line":41,"column":2},"end":{"line":41,"column":26}},"24":{"start":{"line":42,"column":2},"end":{"line":45,"column":7}},"25":{"start":{"line":44,"column":6},"end":{"line":44,"column":47}}},"fnMap":{"0":{"name":"(anonymous_0)","decl":{"start":{"line":12,"column":30},"end":{"line":12,"column":31}},"loc":{"start":{"line":12,"column":42},"end":{"line":12,"column":72}},"line":12},"1":{"name":"(anonymous_1)","decl":{"start":{"line":13,"column":27},"end":{"line":13,"column":28}},"loc":{"start":{"line":13,"column":40},"end":{"line":13,"column":72}},"line":13},"2":{"name":"(anonymous_2)","decl":{"start":{"line":15,"column":27},"end":{"line":15,"column":28}},"loc":{"start":{"line":15,"column":38},"end":{"line":33,"column":1}},"line":15},"3":{"name":"(anonymous_3)","decl":{"start":{"line":15,"column":38},"end":{"line":15,"column":39}},"loc":{"start":{"line":15,"column":52},"end":{"line":33,"column":1}},"line":15},"4":{"name":"(anonymous_4)","decl":{"start":{"line":18,"column":10},"end":{"line":18,"column":11}},"loc":{"start":{"line":18,"column":24},"end":{"line":26,"column":5}},"line":18},"5":{"name":"(anonymous_5)","decl":{"start":{"line":26,"column":13},"end":{"line":26,"column":14}},"loc":{"start":{"line":26,"column":24},"end":{"line":32,"column":5}},"line":26},"6":{"name":"(anonymous_6)","decl":{"start":{"line":39,"column":30},"end":{"line":39,"column":31}},"loc":{"start":{"line":39,"column":36},"end":{"line":46,"column":1}},"line":39},"7":{"name":"(anonymous_7)","decl":{"start":{"line":39,"column":36},"end":{"line":39,"column":37}},"loc":{"start":{"line":39,"column":50},"end":{"line":46,"column":1}},"line":39},"8":{"name":"(anonymous_8)","decl":{"start":{"line":43,"column":10},"end":{"line":43,"column":11}},"loc":{"start":{"line":43,"column":24},"end":{"line":45,"column":5}},"line":43}},"branchMap":{},"s":{"0":2,"1":0,"2":2,"3":0,"4":2,"5":0,"6":0,"7":0,"8":0,"9":0,"10":0,"11":0,"12":0,"13":0,"14":0,"15":0,"16":0,"17":0,"18":0,"19":0,"20":2,"21":0,"22":0,"23":0,"24":0,"25":0},"f":{"0":0,"1":0,"2":0,"3":0,"4":0,"5":0,"6":0,"7":0,"8":0},"b":{},"_coverageSchema":"43e27e138ebf9cfc5966b082cf9a028302ed4184","hash":"620cc162a03ff65ce3afa57a9e9290d0cd22321c"}
,"/Users/zackatama/projects/Ireporter-Frontend-React/src/store/actions/loginAction/index.js": {"path":"/Users/zackatama/projects/Ireporter-Frontend-React/src/store/actions/loginAction/index.js","statementMap":{"0":{"start":{"line":11,"column":25},"end":{"line":11,"column":64}},"1":{"start":{"line":11,"column":38},"end":{"line":11,"column":63}},"2":{"start":{"line":14,"column":21},"end":{"line":37,"column":1}},"3":{"start":{"line":14,"column":33},"end":{"line":37,"column":1}},"4":{"start":{"line":15,"column":14},"end":{"line":15,"column":42}},"5":{"start":{"line":16,"column":10},"end":{"line":16,"column":43}},"6":{"start":{"line":17,"column":2},"end":{"line":17,"column":25}},"7":{"start":{"line":18,"column":2},"end":{"line":18,"column":33}},"8":{"start":{"line":19,"column":2},"end":{"line":19,"column":35}},"9":{"start":{"line":20,"column":2},"end":{"line":20,"column":30}},"10":{"start":{"line":21,"column":2},"end":{"line":36,"column":7}},"11":{"start":{"line":23,"column":6},"end":{"line":23,"column":36}},"12":{"start":{"line":24,"column":6},"end":{"line":24,"column":74}},"13":{"start":{"line":25,"column":6},"end":{"line":25,"column":29}},"14":{"start":{"line":26,"column":6},"end":{"line":26,"column":37}},"15":{"start":{"line":27,"column":6},"end":{"line":27,"column":39}},"16":{"start":{"line":28,"column":6},"end":{"line":28,"column":70}},"17":{"start":{"line":29,"column":6},"end":{"line":29,"column":39}},"18":{"start":{"line":31,"column":14},"end":{"line":31,"column":47}},"19":{"start":{"line":32,"column":6},"end":{"line":32,"column":37}},"20":{"start":{"line":33,"column":6},"end":{"line":33,"column":39}},"21":{"start":{"line":34,"column":6},"end":{"line":34,"column":29}},"22":{"start":{"line":35,"column":6},"end":{"line":35,"column":54}}},"fnMap":{"0":{"name":"(anonymous_0)","decl":{"start":{"line":11,"column":25},"end":{"line":11,"column":26}},"loc":{"start":{"line":11,"column":38},"end":{"line":11,"column":63}},"line":11},"1":{"name":"(anonymous_1)","decl":{"start":{"line":14,"column":21},"end":{"line":14,"column":22}},"loc":{"start":{"line":14,"column":33},"end":{"line":37,"column":1}},"line":14},"2":{"name":"(anonymous_2)","decl":{"start":{"line":14,"column":33},"end":{"line":14,"column":34}},"loc":{"start":{"line":14,"column":47},"end":{"line":37,"column":1}},"line":14},"3":{"name":"(anonymous_3)","decl":{"start":{"line":22,"column":10},"end":{"line":22,"column":11}},"loc":{"start":{"line":22,"column":24},"end":{"line":30,"column":5}},"line":22},"4":{"name":"(anonymous_4)","decl":{"start":{"line":30,"column":13},"end":{"line":30,"column":14}},"loc":{"start":{"line":30,"column":24},"end":{"line":36,"column":5}},"line":30}},"branchMap":{},"s":{"0":2,"1":0,"2":2,"3":0,"4":0,"5":0,"6":0,"7":0,"8":0,"9":0,"10":0,"11":0,"12":0,"13":0,"14":0,"15":0,"16":0,"17":0,"18":0,"19":0,"20":0,"21":0,"22":0},"f":{"0":0,"1":0,"2":0,"3":0,"4":0},"b":{},"_coverageSchema":"43e27e138ebf9cfc5966b082cf9a028302ed4184","hash":"e7a76929d188c4d85681383d32e63f1788db7c43"}
,"/Users/zackatama/projects/Ireporter-Frontend-React/src/store/actions/signupAction/index.js": {"path":"/Users/zackatama/projects/Ireporter-Frontend-React/src/store/actions/signupAction/index.js","statementMap":{"0":{"start":{"line":11,"column":22},"end":{"line":11,"column":65}},"1":{"start":{"line":11,"column":35},"end":{"line":11,"column":64}},"2":{"start":{"line":14,"column":23},"end":{"line":37,"column":1}},"3":{"start":{"line":14,"column":35},"end":{"line":37,"column":1}},"4":{"start":{"line":15,"column":14},"end":{"line":15,"column":44}},"5":{"start":{"line":16,"column":10},"end":{"line":16,"column":43}},"6":{"start":{"line":17,"column":2},"end":{"line":17,"column":25}},"7":{"start":{"line":18,"column":2},"end":{"line":18,"column":33}},"8":{"start":{"line":19,"column":2},"end":{"line":19,"column":35}},"9":{"start":{"line":20,"column":2},"end":{"line":20,"column":30}},"10":{"start":{"line":21,"column":2},"end":{"line":36,"column":7}},"11":{"start":{"line":23,"column":6},"end":{"line":23,"column":33}},"12":{"start":{"line":24,"column":14},"end":{"line":24,"column":47}},"13":{"start":{"line":25,"column":6},"end":{"line":25,"column":29}},"14":{"start":{"line":26,"column":6},"end":{"line":26,"column":37}},"15":{"start":{"line":27,"column":6},"end":{"line":27,"column":39}},"16":{"start":{"line":28,"column":6},"end":{"line":28,"column":61}},"17":{"start":{"line":29,"column":6},"end":{"line":29,"column":33}},"18":{"start":{"line":31,"column":14},"end":{"line":31,"column":47}},"19":{"start":{"line":32,"column":6},"end":{"line":32,"column":37}},"20":{"start":{"line":33,"column":6},"end":{"line":33,"column":39}},"21":{"start":{"line":34,"column":6},"end":{"line":34,"column":29}},"22":{"start":{"line":35,"column":6},"end":{"line":35,"column":54}}},"fnMap":{"0":{"name":"(anonymous_0)","decl":{"start":{"line":11,"column":22},"end":{"line":11,"column":23}},"loc":{"start":{"line":11,"column":35},"end":{"line":11,"column":64}},"line":11},"1":{"name":"(anonymous_1)","decl":{"start":{"line":14,"column":23},"end":{"line":14,"column":24}},"loc":{"start":{"line":14,"column":35},"end":{"line":37,"column":1}},"line":14},"2":{"name":"(anonymous_2)","decl":{"start":{"line":14,"column":35},"end":{"line":14,"column":36}},"loc":{"start":{"line":14,"column":49},"end":{"line":37,"column":1}},"line":14},"3":{"name":"(anonymous_3)","decl":{"start":{"line":22,"column":10},"end":{"line":22,"column":11}},"loc":{"start":{"line":22,"column":24},"end":{"line":30,"column":5}},"line":22},"4":{"name":"(anonymous_4)","decl":{"start":{"line":30,"column":13},"end":{"line":30,"column":14}},"loc":{"start":{"line":30,"column":24},"end":{"line":36,"column":5}},"line":30}},"branchMap":{},"s":{"0":2,"1":0,"2":2,"3":0,"4":0,"5":0,"6":0,"7":0,"8":0,"9":0,"10":0,"11":0,"12":0,"13":0,"14":0,"15":0,"16":0,"17":0,"18":0,"19":0,"20":0,"21":0,"22":0},"f":{"0":0,"1":0,"2":0,"3":0,"4":0},"b":{},"_coverageSchema":"43e27e138ebf9cfc5966b082cf9a028302ed4184","hash":"06679a0bd522f3963acbc6746d99142e78e3ee98"}
,"/Users/zackatama/projects/Ireporter-Frontend-React/src/utils/index.js": {"path":"/Users/zackatama/projects/Ireporter-Frontend-React/src/utils/index.js","statementMap":{"0":{"start":{"line":3,"column":23},"end":{"line":3,"column":76}},"1":{"start":{"line":4,"column":32},"end":{"line":4,"column":47}},"2":{"start":{"line":8,"column":31},"end":{"line":14,"column":1}},"3":{"start":{"line":16,"column":35},"end":{"line":21,"column":1}}},"fnMap":{},"branchMap":{},"s":{"0":5,"1":5,"2":5,"3":5},"f":{},"b":{},"_coverageSchema":"43e27e138ebf9cfc5966b082cf9a028302ed4184","hash":"62de485d2a12b8720780ff13b1ebbf0d9bb80897"}
}
