TN:
SF:/Users/zackatama/projects/Ireporter-Frontend-React/src/components/Apps/App.js
FN:11,(anonymous_0)
FNF:1
FNH:1
FNDA:1,(anonymous_0)
DA:12,1
LF:1
LH:1
BRF:0
BRH:0
end_of_record
TN:
SF:/Users/zackatama/projects/Ireporter-Frontend-React/src/components/Incident/index.js
FN:16,(anonymous_0)
FN:24,(anonymous_1)
FN:28,(anonymous_2)
FN:40,(anonymous_3)
FN:91,(anonymous_4)
FN:93,(anonymous_5)
FN:94,(anonymous_6)
FNF:7
FNH:0
FNDA:0,(anonymous_0)
FNDA:0,(anonymous_1)
FNDA:0,(anonymous_2)
FNDA:0,(anonymous_3)
FNDA:0,(anonymous_4)
FNDA:0,(anonymous_5)
FNDA:0,(anonymous_6)
DA:17,0
DA:18,0
DA:24,0
DA:25,0
DA:28,0
DA:29,0
DA:30,0
DA:31,0
DA:36,0
DA:37,0
DA:41,0
DA:42,0
DA:87,1
DA:91,1
DA:93,1
DA:94,0
LF:16
LH:3
BRF:0
BRH:0
end_of_record
TN:
SF:/Users/zackatama/projects/Ireporter-Frontend-React/src/components/Incidents/index.js
FN:19,(anonymous_0)
FN:24,(anonymous_1)
FN:26,(anonymous_2)
FN:68,(anonymous_3)
FN:70,(anonymous_4)
FNF:5
FNH:3
FNDA:2,(anonymous_0)
FNDA:2,(anonymous_1)
FNDA:0,(anonymous_2)
FNDA:1,(anonymous_3)
FNDA:0,(anonymous_4)
DA:20,2
DA:21,2
DA:25,2
DA:26,2
DA:27,0
DA:33,2
DA:48,2
DA:64,2
DA:68,2
DA:70,2
LF:10
LH:9
BRF:0
BRH:0
end_of_record
TN:
SF:/Users/zackatama/projects/Ireporter-Frontend-React/src/components/Login/index.js
FN:16,(anonymous_0)
FN:24,(anonymous_1)
FN:28,(anonymous_2)
FN:40,(anonymous_3)
FN:92,(anonymous_4)
FN:94,(anonymous_5)
FN:95,(anonymous_6)
FNF:7
FNH:5
FNDA:4,(anonymous_0)
FNDA:1,(anonymous_1)
FNDA:1,(anonymous_2)
FNDA:5,(anonymous_3)
FNDA:1,(anonymous_4)
FNDA:0,(anonymous_5)
FNDA:0,(anonymous_6)
DA:17,4
DA:18,4
DA:24,4
DA:25,1
DA:28,4
DA:29,1
DA:30,1
DA:31,1
DA:36,1
DA:37,1
DA:41,5
DA:42,5
DA:88,2
DA:92,2
DA:94,2
DA:95,0
LF:16
LH:15
BRF:0
BRH:0
end_of_record
TN:
SF:/Users/zackatama/projects/Ireporter-Frontend-React/src/components/NavBar/index.js
FN:11,(anonymous_0)
FNF:1
FNH:1
FNDA:1,(anonymous_0)
DA:12,1
LF:1
LH:1
BRF:0
BRH:0
end_of_record
TN:
SF:/Users/zackatama/projects/Ireporter-Frontend-React/src/components/SignUp/index.js
FN:19,(anonymous_0)
FN:33,(anonymous_1)
FN:37,(anonymous_2)
FN:55,(anonymous_3)
FN:151,(anonymous_4)
FN:153,(anonymous_5)
FN:154,(anonymous_6)
FNF:7
FNH:5
FNDA:5,(anonymous_0)
FNDA:1,(anonymous_1)
FNDA:1,(anonymous_2)
FNDA:6,(anonymous_3)
FNDA:1,(anonymous_4)
FNDA:0,(anonymous_5)
FNDA:0,(anonymous_6)
DA:20,5
DA:21,5
DA:33,5
DA:34,1
DA:37,5
DA:38,1
DA:39,1
DA:40,1
DA:51,1
DA:52,1
DA:56,6
DA:57,6
DA:147,2
DA:151,2
DA:153,2
DA:154,0
LF:16
LH:15
BRF:0
BRH:0
end_of_record
TN:
SF:/Users/zackatama/projects/Ireporter-Frontend-React/src/store/actions/types.js
FNF:0
FNH:0
DA:1,4
DA:2,4
DA:3,4
DA:4,4
LF:4
LH:4
BRF:0
BRH:0
end_of_record
TN:
SF:/Users/zackatama/projects/Ireporter-Frontend-React/src/store/actions/incidentActions/index.js
FN:12,(anonymous_0)
FN:13,(anonymous_1)
FN:15,(anonymous_2)
FN:15,(anonymous_3)
FN:18,(anonymous_4)
FN:26,(anonymous_5)
FN:39,(anonymous_6)
FN:39,(anonymous_7)
FN:43,(anonymous_8)
FNF:9
FNH:0
FNDA:0,(anonymous_0)
FNDA:0,(anonymous_1)
FNDA:0,(anonymous_2)
FNDA:0,(anonymous_3)
FNDA:0,(anonymous_4)
FNDA:0,(anonymous_5)
FNDA:0,(anonymous_6)
FNDA:0,(anonymous_7)
FNDA:0,(anonymous_8)
DA:12,2
DA:13,2
DA:15,2
DA:16,0
DA:17,0
DA:19,0
DA:20,0
DA:21,0
DA:22,0
DA:23,0
DA:24,0
DA:25,0
DA:27,0
DA:28,0
DA:29,0
DA:30,0
DA:31,0
DA:39,2
DA:40,0
DA:41,0
DA:42,0
DA:44,0
LF:22
LH:4
BRF:0
BRH:0
end_of_record
TN:
SF:/Users/zackatama/projects/Ireporter-Frontend-React/src/store/actions/loginAction/index.js
FN:11,(anonymous_0)
FN:14,(anonymous_1)
FN:14,(anonymous_2)
FN:22,(anonymous_3)
FN:30,(anonymous_4)
FNF:5
FNH:0
FNDA:0,(anonymous_0)
FNDA:0,(anonymous_1)
FNDA:0,(anonymous_2)
FNDA:0,(anonymous_3)
FNDA:0,(anonymous_4)
DA:11,2
DA:14,2
DA:15,0
DA:16,0
DA:17,0
DA:18,0
DA:19,0
DA:20,0
DA:21,0
DA:23,0
DA:24,0
DA:25,0
DA:26,0
DA:27,0
DA:28,0
DA:29,0
DA:31,0
DA:32,0
DA:33,0
DA:34,0
DA:35,0
LF:21
LH:2
BRF:0
BRH:0
end_of_record
TN:
SF:/Users/zackatama/projects/Ireporter-Frontend-React/src/store/actions/signupAction/index.js
FN:11,(anonymous_0)
FN:14,(anonymous_1)
FN:14,(anonymous_2)
FN:22,(anonymous_3)
FN:30,(anonymous_4)
FNF:5
FNH:0
FNDA:0,(anonymous_0)
FNDA:0,(anonymous_1)
FNDA:0,(anonymous_2)
FNDA:0,(anonymous_3)
FNDA:0,(anonymous_4)
DA:11,2
DA:14,2
DA:15,0
DA:16,0
DA:17,0
DA:18,0
DA:19,0
DA:20,0
DA:21,0
DA:23,0
DA:24,0
DA:25,0
DA:26,0
DA:27,0
DA:28,0
DA:29,0
DA:31,0
DA:32,0
DA:33,0
DA:34,0
DA:35,0
LF:21
LH:2
BRF:0
BRH:0
end_of_record
TN:
SF:/Users/zackatama/projects/Ireporter-Frontend-React/src/utils/index.js
FNF:0
FNH:0
DA:3,5
DA:4,5
DA:8,5
DA:16,5
LF:4
LH:4
BRF:0
BRH:0
end_of_record
